<?xml version="1.0" encoding="UTF-8"?>
<!-- Generated by org.testng.reporters.JUnitReportReporter -->
<testsuite skipped="0" hostname="DESKTOP-6RUK53V" name="testRunners.parallelTest" tests="6" failures="0" timestamp="18 Aug 2021 03:45:31 GMT" time="139.973" errors="0">
  <testcase name="runScenario" time="19.083" classname="testRunners.parallelTest"/>
  <testcase name="runScenario" time="29.393" classname="testRunners.parallelTest"/>
  <testcase name="runScenario" time="22.555" classname="testRunners.parallelTest"/>
  <testcase name="runScenario" time="24.379" classname="testRunners.parallelTest"/>
  <testcase name="runScenario" time="18.963" classname="testRunners.parallelTest"/>
  <testcase name="runScenario" time="25.600" classname="testRunners.parallelTest"/>
</testsuite> <!-- testRunners.parallelTest -->
