<?xml version="1.0" encoding="UTF-8"?>
<!-- Generated by org.testng.reporters.JUnitReportReporter -->
<testsuite skipped="0" hostname="DESKTOP-6RUK53V" name="testRunners.FailedTestRunner" tests="1" failures="0" timestamp="17 Aug 2021 08:57:41 GMT" time="33.694" errors="0">
  <testcase name="runScenario" time="33.694" classname="testRunners.FailedTestRunner"/>
</testsuite> <!-- testRunners.FailedTestRunner -->
